<?xml version="1.0" encoding="UTF-8"?>
<testng-results skipped="0" failed="0" ignored="0" total="3" passed="3">
  <reporter-output>
  </reporter-output>
  <suite name="Default suite" duration-ms="22934" started-at="2019-09-26T18:15:47 MESZ" finished-at="2019-09-26T18:16:10 MESZ">
    <groups>
    </groups>
    <test name="Default test" duration-ms="22934" started-at="2019-09-26T18:15:47 MESZ" finished-at="2019-09-26T18:16:10 MESZ">
      <class name="utils.ExcelDataProvider">
        <test-method status="PASS" signature="setUpTest()[pri:0, instance:utils.ExcelDataProvider@2f490758]" name="setUpTest" is-config="true" duration-ms="8435" started-at="2019-09-26T18:15:47 MESZ" finished-at="2019-09-26T18:15:56 MESZ">
          <reporter-output>
          </reporter-output>
        </test-method> <!-- setUpTest -->
        <test-method status="PASS" signature="test1(java.lang.String, java.lang.String)[pri:0, instance:utils.ExcelDataProvider@2f490758]" name="test1" duration-ms="7403" started-at="2019-09-26T18:15:57 MESZ" data-provider="test1data" finished-at="2019-09-26T18:16:04 MESZ">
          <params>
            <param index="0">
              <value>
                <![CDATA[Admin]]>
              </value>
            </param>
            <param index="1">
              <value>
                <![CDATA[admin12345]]>
              </value>
            </param>
          </params>
          <reporter-output>
          </reporter-output>
        </test-method> <!-- test1 -->
        <test-method status="PASS" signature="test1(java.lang.String, java.lang.String)[pri:0, instance:utils.ExcelDataProvider@2f490758]" name="test1" duration-ms="2659" started-at="2019-09-26T18:16:04 MESZ" data-provider="test1data" finished-at="2019-09-26T18:16:07 MESZ">
          <params>
            <param index="0">
              <value>
                <![CDATA[Admin2]]>
              </value>
            </param>
            <param index="1">
              <value>
                <![CDATA[admin1234567]]>
              </value>
            </param>
          </params>
          <reporter-output>
          </reporter-output>
        </test-method> <!-- test1 -->
        <test-method status="PASS" signature="test1(java.lang.String, java.lang.String)[pri:0, instance:utils.ExcelDataProvider@2f490758]" name="test1" duration-ms="3347" started-at="2019-09-26T18:16:07 MESZ" data-provider="test1data" finished-at="2019-09-26T18:16:10 MESZ">
          <params>
            <param index="0">
              <value>
                <![CDATA[Admin3]]>
              </value>
            </param>
            <param index="1">
              <value>
                <![CDATA[admin123]]>
              </value>
            </param>
          </params>
          <reporter-output>
          </reporter-output>
        </test-method> <!-- test1 -->
      </class> <!-- utils.ExcelDataProvider -->
    </test> <!-- Default test -->
  </suite> <!-- Default suite -->
</testng-results>
